

Started GET "/tpousers/abc" for 127.0.0.1 at 2013-02-28 16:58:42 -0800
Processing by TpousersController#show as */*
  Parameters: {"id"=>"abc"}
  Rendered tpousers/show.html.erb within layouts/application (4.9ms)
Completed 500 Internal Server Error in 25ms

ActionView::Template::Error (undefined method `user' for nil:NilClass):
    2: 
    3: <p>
    4:   <b>User:</b>
    5:   <%= @tpouser.user %>
    6: </p>
    7: 
    8: 
  app/views/tpousers/show.html.erb:5:in `_app_views_tpousers_show_html_erb___963118553310691211_30997840'
  app/controllers/tpousers_controller.rb:7:in `show'


  Rendered /usr/local/rvm/gems/ruby-1.9.3-p374@rails3tutorial2ndEd/gems/actionpack-3.2.12/lib/action_dispatch/middleware/templates/rescues/_trace.erb (0.9ms)
  Rendered /usr/local/rvm/gems/ruby-1.9.3-p374@rails3tutorial2ndEd/gems/actionpack-3.2.12/lib/action_dispatch/middleware/templates/rescues/_request_and_response.erb (0.4ms)
  Rendered /usr/local/rvm/gems/ruby-1.9.3-p374@rails3tutorial2ndEd/gems/actionpack-3.2.12/lib/action_dispatch/middleware/templates/rescues/template_error.erb within rescues/layout (6.2ms)


Started GET "/tpousers/kh" for 127.0.0.1 at 2013-02-28 17:01:11 -0800
Processing by TpousersController#show as */*
  Parameters: {"id"=>"kh"}
  Rendered tpousers/show.html.erb within layouts/application (5.6ms)
Completed 500 Internal Server Error in 25ms

ActionView::Template::Error (undefined method `user' for nil:NilClass):
    2: 
    3: <p>
    4:   <b>User:</b>
    5:   <%= @tpouser.user %>
    6: </p>
    7: 
    8: 
  app/views/tpousers/show.html.erb:5:in `_app_views_tpousers_show_html_erb__920427421745710441_24703480'
  app/controllers/tpousers_controller.rb:7:in `show'


  Rendered /usr/local/rvm/gems/ruby-1.9.3-p374@rails3tutorial2ndEd/gems/actionpack-3.2.12/lib/action_dispatch/middleware/templates/rescues/_trace.erb (0.8ms)
  Rendered /usr/local/rvm/gems/ruby-1.9.3-p374@rails3tutorial2ndEd/gems/actionpack-3.2.12/lib/action_dispatch/middleware/templates/rescues/_request_and_response.erb (0.6ms)
  Rendered /usr/local/rvm/gems/ruby-1.9.3-p374@rails3tutorial2ndEd/gems/actionpack-3.2.12/lib/action_dispatch/middleware/templates/rescues/template_error.erb within rescues/layout (5.8ms)


Started GET "/tpousers/kh.json" for 127.0.0.1 at 2013-02-28 17:01:18 -0800
Processing by TpousersController#show as JSON
  Parameters: {"id"=>"kh"}
Completed 200 OK in 1ms (Views: 0.1ms)


Started GET "/tpousers/512510e2aff86047f6cadfc8" for 127.0.0.1 at 2013-02-28 17:01:46 -0800
Processing by TpousersController#show as */*
  Parameters: {"id"=>"512510e2aff86047f6cadfc8"}
  Rendered tpousers/show.html.erb within layouts/application (13.0ms)
Completed 500 Internal Server Error in 71ms

ActionView::Template::Error (undefined method `user' for nil:NilClass):
    2: 
    3: <p>
    4:   <b>User:</b>
    5:   <%= @tpouser.user %>
    6: </p>
    7: 
    8: 
  app/views/tpousers/show.html.erb:5:in `_app_views_tpousers_show_html_erb___3155583490635220122_29351420'
  app/controllers/tpousers_controller.rb:7:in `show'


  Rendered /usr/local/rvm/gems/ruby-1.9.3-p374@rails3tutorial2ndEd/gems/actionpack-3.2.12/lib/action_dispatch/middleware/templates/rescues/_trace.erb (0.9ms)
  Rendered /usr/local/rvm/gems/ruby-1.9.3-p374@rails3tutorial2ndEd/gems/actionpack-3.2.12/lib/action_dispatch/middleware/templates/rescues/_request_and_response.erb (1.2ms)
  Rendered /usr/local/rvm/gems/ruby-1.9.3-p374@rails3tutorial2ndEd/gems/actionpack-3.2.12/lib/action_dispatch/middleware/templates/rescues/template_error.erb within rescues/layout (12.0ms)


Started GET "/tpousers/512510e2aff86047f6cadfc8.json" for 127.0.0.1 at 2013-02-28 17:01:52 -0800
Processing by TpousersController#show as JSON
  Parameters: {"id"=>"512510e2aff86047f6cadfc8"}
Completed 200 OK in 3ms (Views: 0.1ms)


Started GET "/tpousers/512510e2aff86047f6cadfc8.json" for 127.0.0.1 at 2013-02-28 17:02:49 -0800
Processing by TpousersController#show as JSON
  Parameters: {"id"=>"512510e2aff86047f6cadfc8"}
Completed 200 OK in 1ms (Views: 0.1ms)


Started GET "/tpousers/512510e2aff86047f6cadfc8.json" for 127.0.0.1 at 2013-02-28 17:06:08 -0800
Processing by TpousersController#show as JSON
  Parameters: {"id"=>"512510e2aff86047f6cadfc8"}
Completed 200 OK in 1ms (Views: 0.1ms)


Started GET "/tpousers/512510e2aff86047f6cadfc8.json" for 127.0.0.1 at 2013-02-28 17:06:24 -0800
Processing by TpousersController#show as JSON
  Parameters: {"id"=>"512510e2aff86047f6cadfc8"}
Completed 200 OK in 33ms (Views: 2.2ms)


Started GET "/tpousers/512510e2aff86047f6cadfc8.js" for 127.0.0.1 at 2013-02-28 17:06:34 -0800
Processing by TpousersController#show as JS
  Parameters: {"id"=>"512510e2aff86047f6cadfc8"}
Completed 406 Not Acceptable in 2ms


Started GET "/tpousers/512510e2aff86047f6cadfc8.json" for 127.0.0.1 at 2013-02-28 17:06:39 -0800
Processing by TpousersController#show as JSON
  Parameters: {"id"=>"512510e2aff86047f6cadfc8"}
Completed 200 OK in 3ms (Views: 0.9ms)


Started GET "/tpousers/512510e2aff86047f6cadfc8.json?callback=magic" for 127.0.0.1 at 2013-02-28 17:06:48 -0800
Processing by TpousersController#show as JSON
  Parameters: {"callback"=>"magic", "id"=>"512510e2aff86047f6cadfc8"}
Completed 200 OK in 2ms (Views: 1.2ms)


Started GET "/tpousers/512510e2aff86047f6cadfc8.js?callback=magic" for 127.0.0.1 at 2013-02-28 17:06:53 -0800
Processing by TpousersController#show as JS
  Parameters: {"callback"=>"magic", "id"=>"512510e2aff86047f6cadfc8"}
Completed 406 Not Acceptable in 2ms


Started GET "/tpousers/512510e2aff86047f6cadfc8.js?callback=magic" for 127.0.0.1 at 2013-02-28 17:07:32 -0800
Processing by TpousersController#show as JS
  Parameters: {"callback"=>"magic", "id"=>"512510e2aff86047f6cadfc8"}
Completed 200 OK in 24ms (Views: 15.0ms)


Started GET "/tpousers/512510e2aff86047f6cadfc8.js" for 127.0.0.1 at 2013-02-28 17:07:40 -0800
Processing by TpousersController#show as JS
  Parameters: {"id"=>"512510e2aff86047f6cadfc8"}
Completed 200 OK in 3ms (Views: 1.2ms)


Started GET "/tpousers/512510e2aff86047f6cadfc8.js" for 127.0.0.1 at 2013-02-28 17:07:56 -0800
Processing by TpousersController#show as JS
  Parameters: {"id"=>"512510e2aff86047f6cadfc8"}
Completed 200 OK in 4ms (Views: 1.1ms)


Started GET "/tpousers/512510e2aff86047f6cadfc8.js?callback=magic" for 127.0.0.1 at 2013-02-28 17:07:59 -0800
Processing by TpousersController#show as JS
  Parameters: {"callback"=>"magic", "id"=>"512510e2aff86047f6cadfc8"}
Completed 200 OK in 2ms (Views: 1.2ms)


Started GET "/tpousers/testermove" for 127.0.0.1 at 2013-02-28 17:13:05 -0800
Processing by TpousersController#show as */*
  Parameters: {"id"=>"testermove"}
  Rendered tpousers/show.html.erb within layouts/application (4.8ms)
Completed 500 Internal Server Error in 26ms

ActionView::Template::Error (undefined method `user' for nil:NilClass):
    2: 
    3: <p>
    4:   <b>User:</b>
    5:   <%= @tpouser.user %>
    6: </p>
    7: 
    8: 
  app/views/tpousers/show.html.erb:5:in `_app_views_tpousers_show_html_erb___3006230767747492767_18777040'
  app/controllers/tpousers_controller.rb:11:in `show'


  Rendered /usr/local/rvm/gems/ruby-1.9.3-p374@rails3tutorial2ndEd/gems/actionpack-3.2.12/lib/action_dispatch/middleware/templates/rescues/_trace.erb (0.9ms)
  Rendered /usr/local/rvm/gems/ruby-1.9.3-p374@rails3tutorial2ndEd/gems/actionpack-3.2.12/lib/action_dispatch/middleware/templates/rescues/_request_and_response.erb (0.6ms)
  Rendered /usr/local/rvm/gems/ruby-1.9.3-p374@rails3tutorial2ndEd/gems/actionpack-3.2.12/lib/action_dispatch/middleware/templates/rescues/template_error.erb within rescues/layout (6.2ms)


Started GET "/tpousers/testermove.json" for 127.0.0.1 at 2013-02-28 17:13:10 -0800
Processing by TpousersController#show as JSON
  Parameters: {"id"=>"testermove"}
Completed 200 OK in 1ms (Views: 0.1ms)


Started GET "/tpousers/testermove" for 127.0.0.1 at 2013-02-28 17:13:48 -0800
Processing by TpousersController#show as */*
  Parameters: {"id"=>"testermove"}
  Rendered tpousers/show.html.erb within layouts/application (0.2ms)
Completed 500 Internal Server Error in 2ms

ActionView::Template::Error (undefined method `user' for nil:NilClass):
    2: 
    3: <p>
    4:   <b>User:</b>
    5:   <%= @tpouser.user %>
    6: </p>
    7: 
    8: 
  app/views/tpousers/show.html.erb:5:in `_app_views_tpousers_show_html_erb___3006230767747492767_18777040'
  app/controllers/tpousers_controller.rb:11:in `show'


  Rendered /usr/local/rvm/gems/ruby-1.9.3-p374@rails3tutorial2ndEd/gems/actionpack-3.2.12/lib/action_dispatch/middleware/templates/rescues/_trace.erb (0.8ms)
  Rendered /usr/local/rvm/gems/ruby-1.9.3-p374@rails3tutorial2ndEd/gems/actionpack-3.2.12/lib/action_dispatch/middleware/templates/rescues/_request_and_response.erb (1.1ms)
  Rendered /usr/local/rvm/gems/ruby-1.9.3-p374@rails3tutorial2ndEd/gems/actionpack-3.2.12/lib/action_dispatch/middleware/templates/rescues/template_error.erb within rescues/layout (6.2ms)


Started GET "/tpousers/testermove.json" for 127.0.0.1 at 2013-02-28 17:14:04 -0800
Processing by TpousersController#show as JSON
  Parameters: {"id"=>"testermove"}
Completed 200 OK in 1ms (Views: 0.1ms)


Started GET "/tpousers/512510e2aff86047f6cadfc8.js?callback=magic" for 127.0.0.1 at 2013-02-28 17:14:54 -0800
Processing by TpousersController#show as JS
  Parameters: {"callback"=>"magic", "id"=>"512510e2aff86047f6cadfc8"}
Completed 200 OK in 1ms (Views: 0.1ms)


Started GET "/tpousers/kh.js?callback=magic" for 127.0.0.1 at 2013-02-28 17:15:12 -0800
Processing by TpousersController#show as JS
  Parameters: {"callback"=>"magic", "id"=>"kh"}
Completed 200 OK in 4ms (Views: 0.1ms)


Started GET "/tpousers/kh.js?callback=magic" for 127.0.0.1 at 2013-02-28 17:16:02 -0800
Processing by TpousersController#show as JS
  Parameters: {"callback"=>"magic", "id"=>"kh"}
Completed 200 OK in 2ms (Views: 0.1ms)


Started GET "/tpousers/kh.js?callbkh" for 127.0.0.1 at 2013-02-28 17:16:10 -0800
Processing by TpousersController#show as JS
  Parameters: {"callbkh"=>nil, "id"=>"kh"}
Completed 200 OK in 1ms (Views: 0.1ms)


Started GET "/tpousers/kh.js?callbkh" for 127.0.0.1 at 2013-02-28 17:17:17 -0800
Processing by TpousersController#show as JS
  Parameters: {"callbkh"=>nil, "id"=>"kh"}
Completed 200 OK in 5ms (Views: 4.0ms)


Started GET "/tpousers/11111" for 127.0.0.1 at 2013-02-28 17:17:28 -0800
Processing by TpousersController#show as */*
  Parameters: {"id"=>"11111"}
  Rendered tpousers/show.html.erb within layouts/application (21.7ms)
Completed 500 Internal Server Error in 49ms

ActionView::Template::Error (undefined method `user' for nil:NilClass):
    2: 
    3: <p>
    4:   <b>User:</b>
    5:   <%= @tpouser.user %>
    6: </p>
    7: 
    8: 
  app/views/tpousers/show.html.erb:5:in `_app_views_tpousers_show_html_erb___1379200070930558866_22096580'
  app/controllers/tpousers_controller.rb:11:in `show'


  Rendered /usr/local/rvm/gems/ruby-1.9.3-p374@rails3tutorial2ndEd/gems/actionpack-3.2.12/lib/action_dispatch/middleware/templates/rescues/_trace.erb (0.9ms)
  Rendered /usr/local/rvm/gems/ruby-1.9.3-p374@rails3tutorial2ndEd/gems/actionpack-3.2.12/lib/action_dispatch/middleware/templates/rescues/_request_and_response.erb (0.6ms)
  Rendered /usr/local/rvm/gems/ruby-1.9.3-p374@rails3tutorial2ndEd/gems/actionpack-3.2.12/lib/action_dispatch/middleware/templates/rescues/template_error.erb within rescues/layout (5.9ms)


Started GET "/tpousers/11111" for 127.0.0.1 at 2013-02-28 17:18:25 -0800
Processing by TpousersController#show as */*
  Parameters: {"id"=>"11111"}
  Rendered tpousers/show.html.erb within layouts/application (0.7ms)
Completed 500 Internal Server Error in 2ms

ActionView::Template::Error (undefined method `user' for nil:NilClass):
    2: 
    3: <p>
    4:   <b>User:</b>
    5:   <%= @tpouser.user %>
    6: </p>
    7: 
    8: 
  app/views/tpousers/show.html.erb:5:in `_app_views_tpousers_show_html_erb___1379200070930558866_22096580'
  app/controllers/tpousers_controller.rb:11:in `show'


  Rendered /usr/local/rvm/gems/ruby-1.9.3-p374@rails3tutorial2ndEd/gems/actionpack-3.2.12/lib/action_dispatch/middleware/templates/rescues/_trace.erb (0.5ms)
  Rendered /usr/local/rvm/gems/ruby-1.9.3-p374@rails3tutorial2ndEd/gems/actionpack-3.2.12/lib/action_dispatch/middleware/templates/rescues/_request_and_response.erb (0.9ms)
  Rendered /usr/local/rvm/gems/ruby-1.9.3-p374@rails3tutorial2ndEd/gems/actionpack-3.2.12/lib/action_dispatch/middleware/templates/rescues/template_error.erb within rescues/layout (6.0ms)


Started GET "/tpousers/11111" for 127.0.0.1 at 2013-02-28 17:18:41 -0800
Processing by TpousersController#show as */*
  Parameters: {"id"=>"11111"}
  Rendered tpousers/show.html.erb within layouts/application (7.0ms)
Completed 500 Internal Server Error in 28ms

ActionView::Template::Error (undefined method `user' for nil:NilClass):
    2: 
    3: <p>
    4:   <b>User:</b>
    5:   <%= @tpouser.user %>
    6: </p>
    7: 
    8: 
  app/views/tpousers/show.html.erb:5:in `_app_views_tpousers_show_html_erb__95418815983304186_25369220'
  app/controllers/tpousers_controller.rb:11:in `show'


  Rendered /usr/local/rvm/gems/ruby-1.9.3-p374@rails3tutorial2ndEd/gems/actionpack-3.2.12/lib/action_dispatch/middleware/templates/rescues/_trace.erb (0.8ms)
  Rendered /usr/local/rvm/gems/ruby-1.9.3-p374@rails3tutorial2ndEd/gems/actionpack-3.2.12/lib/action_dispatch/middleware/templates/rescues/_request_and_response.erb (0.7ms)
  Rendered /usr/local/rvm/gems/ruby-1.9.3-p374@rails3tutorial2ndEd/gems/actionpack-3.2.12/lib/action_dispatch/middleware/templates/rescues/template_error.erb within rescues/layout (6.0ms)


Started GET "/tpousers/11111.json" for 127.0.0.1 at 2013-02-28 17:19:05 -0800
Processing by TpousersController#show as JSON
  Parameters: {"id"=>"11111"}
Completed 200 OK in 1ms (Views: 0.1ms)


Started GET "/tpousers/11111.json" for 127.0.0.1 at 2013-02-28 17:19:16 -0800
Processing by TpousersController#show as JSON
  Parameters: {"id"=>"11111"}
Completed 200 OK in 1ms (Views: 0.1ms)


Started GET "/tpousers/11111.json" for 127.0.0.1 at 2013-02-28 17:22:32 -0800
Processing by TpousersController#show as JSON
  Parameters: {"id"=>"11111"}
Completed 500 Internal Server Error in 1ms

NameError (undefined local variable or method `user' for #<TpousersController:0x007f36589f17e0>):
  app/controllers/tpousers_controller.rb:9:in `show'


  Rendered /usr/local/rvm/gems/ruby-1.9.3-p374@rails3tutorial2ndEd/gems/actionpack-3.2.12/lib/action_dispatch/middleware/templates/rescues/_trace.erb (0.9ms)
  Rendered /usr/local/rvm/gems/ruby-1.9.3-p374@rails3tutorial2ndEd/gems/actionpack-3.2.12/lib/action_dispatch/middleware/templates/rescues/_request_and_response.erb (1.0ms)
  Rendered /usr/local/rvm/gems/ruby-1.9.3-p374@rails3tutorial2ndEd/gems/actionpack-3.2.12/lib/action_dispatch/middleware/templates/rescues/diagnostics.erb within rescues/layout (11.1ms)


Started GET "/tpousers/11111.json" for 127.0.0.1 at 2013-02-28 17:22:40 -0800
Processing by TpousersController#show as JSON
  Parameters: {"id"=>"11111"}
Completed 500 Internal Server Error in 1ms

NameError (undefined local variable or method `user' for #<TpousersController:0x007f36581bf0b8>):
  app/controllers/tpousers_controller.rb:9:in `show'


  Rendered /usr/local/rvm/gems/ruby-1.9.3-p374@rails3tutorial2ndEd/gems/actionpack-3.2.12/lib/action_dispatch/middleware/templates/rescues/_trace.erb (0.8ms)
  Rendered /usr/local/rvm/gems/ruby-1.9.3-p374@rails3tutorial2ndEd/gems/actionpack-3.2.12/lib/action_dispatch/middleware/templates/rescues/_request_and_response.erb (0.7ms)
  Rendered /usr/local/rvm/gems/ruby-1.9.3-p374@rails3tutorial2ndEd/gems/actionpack-3.2.12/lib/action_dispatch/middleware/templates/rescues/diagnostics.erb within rescues/layout (7.1ms)


Started GET "/tpousers/11111.json" for 127.0.0.1 at 2013-02-28 17:22:47 -0800
Processing by TpousersController#show as JSON
  Parameters: {"id"=>"11111"}
Completed 500 Internal Server Error in 1ms

NameError (undefined local variable or method `user' for #<TpousersController:0x007f365869ab00>):
  app/controllers/tpousers_controller.rb:9:in `show'


  Rendered /usr/local/rvm/gems/ruby-1.9.3-p374@rails3tutorial2ndEd/gems/actionpack-3.2.12/lib/action_dispatch/middleware/templates/rescues/_trace.erb (0.9ms)
  Rendered /usr/local/rvm/gems/ruby-1.9.3-p374@rails3tutorial2ndEd/gems/actionpack-3.2.12/lib/action_dispatch/middleware/templates/rescues/_request_and_response.erb (20.0ms)
  Rendered /usr/local/rvm/gems/ruby-1.9.3-p374@rails3tutorial2ndEd/gems/actionpack-3.2.12/lib/action_dispatch/middleware/templates/rescues/diagnostics.erb within rescues/layout (25.9ms)


Started GET "/tpousers/11111.json" for 127.0.0.1 at 2013-02-28 17:26:08 -0800
Processing by TpousersController#show as JSON
  Parameters: {"id"=>"11111"}
Completed 200 OK in 2ms (Views: 0.1ms)


Started GET "/tpousers/kh.json" for 127.0.0.1 at 2013-02-28 17:26:17 -0800
Processing by TpousersController#show as JSON
  Parameters: {"id"=>"kh"}
Completed 200 OK in 31ms (Views: 1.8ms)


Started GET "/tpousers/kh/avbbb" for 127.0.0.1 at 2013-02-28 17:30:19 -0800

ActionController::RoutingError (No route matches [GET] "/tpousers/kh/avbbb"):
  actionpack (3.2.12) lib/action_dispatch/middleware/debug_exceptions.rb:21:in `call'
  actionpack (3.2.12) lib/action_dispatch/middleware/show_exceptions.rb:56:in `call'
  railties (3.2.12) lib/rails/rack/logger.rb:32:in `call_app'
  railties (3.2.12) lib/rails/rack/logger.rb:16:in `block in call'
  activesupport (3.2.12) lib/active_support/tagged_logging.rb:22:in `tagged'
  railties (3.2.12) lib/rails/rack/logger.rb:16:in `call'
  actionpack (3.2.12) lib/action_dispatch/middleware/request_id.rb:22:in `call'
  rack (1.4.5) lib/rack/methodoverride.rb:21:in `call'
  rack (1.4.5) lib/rack/runtime.rb:17:in `call'
  activesupport (3.2.12) lib/active_support/cache/strategy/local_cache.rb:72:in `call'
  rack (1.4.5) lib/rack/lock.rb:15:in `call'
  actionpack (3.2.12) lib/action_dispatch/middleware/static.rb:62:in `call'
  railties (3.2.12) lib/rails/engine.rb:479:in `call'
  railties (3.2.12) lib/rails/application.rb:223:in `call'
  rack (1.4.5) lib/rack/content_length.rb:14:in `call'
  railties (3.2.12) lib/rails/rack/log_tailer.rb:17:in `call'
  rack (1.4.5) lib/rack/handler/webrick.rb:59:in `service'
  /usr/local/rvm/rubies/ruby-1.9.3-p374/lib/ruby/1.9.1/webrick/httpserver.rb:138:in `service'
  /usr/local/rvm/rubies/ruby-1.9.3-p374/lib/ruby/1.9.1/webrick/httpserver.rb:94:in `run'
  /usr/local/rvm/rubies/ruby-1.9.3-p374/lib/ruby/1.9.1/webrick/server.rb:191:in `block in start_thread'


  Rendered /usr/local/rvm/gems/ruby-1.9.3-p374@rails3tutorial2ndEd/gems/actionpack-3.2.12/lib/action_dispatch/middleware/templates/rescues/routing_error.erb within rescues/layout (14.1ms)


Started GET "/tpousers/kh" for 127.0.0.1 at 2013-02-28 17:30:30 -0800
Processing by TpousersController#show as */*
  Parameters: {"id"=>"kh"}
  Rendered tpousers/show.html.erb within layouts/application (1.1ms)
Compiled scaffolds.css  (31ms)  (pid 27591)
Compiled tpousers.css  (0ms)  (pid 27591)
Compiled application.css  (40ms)  (pid 27591)
Compiled jquery.js  (0ms)  (pid 27591)
Compiled jquery_ujs.js  (0ms)  (pid 27591)
Compiled tpousers.js  (289ms)  (pid 27591)
Compiled application.js  (348ms)  (pid 27591)
Completed 200 OK in 452ms (Views: 447.1ms)


Started GET "/user/kh" for 127.0.0.1 at 2013-02-28 17:43:55 -0800

ActionController::RoutingError (uninitialized constant ResourcesController):
  activesupport (3.2.12) lib/active_support/inflector/methods.rb:230:in `block in constantize'
  activesupport (3.2.12) lib/active_support/inflector/methods.rb:229:in `each'
  activesupport (3.2.12) lib/active_support/inflector/methods.rb:229:in `constantize'
  actionpack (3.2.12) lib/action_dispatch/routing/route_set.rb:69:in `controller_reference'
  actionpack (3.2.12) lib/action_dispatch/routing/route_set.rb:54:in `controller'
  actionpack (3.2.12) lib/action_dispatch/routing/route_set.rb:32:in `call'
  journey (1.0.4) lib/journey/router.rb:68:in `block in call'
  journey (1.0.4) lib/journey/router.rb:56:in `each'
  journey (1.0.4) lib/journey/router.rb:56:in `call'
  actionpack (3.2.12) lib/action_dispatch/routing/route_set.rb:601:in `call'
  actionpack (3.2.12) lib/action_dispatch/middleware/best_standards_support.rb:17:in `call'
  rack (1.4.5) lib/rack/etag.rb:23:in `call'
  rack (1.4.5) lib/rack/conditionalget.rb:25:in `call'
  actionpack (3.2.12) lib/action_dispatch/middleware/head.rb:14:in `call'
  actionpack (3.2.12) lib/action_dispatch/middleware/params_parser.rb:21:in `call'
  actionpack (3.2.12) lib/action_dispatch/middleware/flash.rb:242:in `call'
  rack (1.4.5) lib/rack/session/abstract/id.rb:210:in `context'
  rack (1.4.5) lib/rack/session/abstract/id.rb:205:in `call'
  actionpack (3.2.12) lib/action_dispatch/middleware/cookies.rb:341:in `call'
  actionpack (3.2.12) lib/action_dispatch/middleware/callbacks.rb:28:in `block in call'
  activesupport (3.2.12) lib/active_support/callbacks.rb:405:in `_run__3646798555788178176__call__2857587136013097886__callbacks'
  activesupport (3.2.12) lib/active_support/callbacks.rb:405:in `__run_callback'
  activesupport (3.2.12) lib/active_support/callbacks.rb:385:in `_run_call_callbacks'
  activesupport (3.2.12) lib/active_support/callbacks.rb:81:in `run_callbacks'
  actionpack (3.2.12) lib/action_dispatch/middleware/callbacks.rb:27:in `call'
  actionpack (3.2.12) lib/action_dispatch/middleware/reloader.rb:65:in `call'
  actionpack (3.2.12) lib/action_dispatch/middleware/remote_ip.rb:31:in `call'
  actionpack (3.2.12) lib/action_dispatch/middleware/debug_exceptions.rb:16:in `call'
  actionpack (3.2.12) lib/action_dispatch/middleware/show_exceptions.rb:56:in `call'
  railties (3.2.12) lib/rails/rack/logger.rb:32:in `call_app'
  railties (3.2.12) lib/rails/rack/logger.rb:16:in `block in call'
  activesupport (3.2.12) lib/active_support/tagged_logging.rb:22:in `tagged'
  railties (3.2.12) lib/rails/rack/logger.rb:16:in `call'
  actionpack (3.2.12) lib/action_dispatch/middleware/request_id.rb:22:in `call'
  rack (1.4.5) lib/rack/methodoverride.rb:21:in `call'
  rack (1.4.5) lib/rack/runtime.rb:17:in `call'
  activesupport (3.2.12) lib/active_support/cache/strategy/local_cache.rb:72:in `call'
  rack (1.4.5) lib/rack/lock.rb:15:in `call'
  actionpack (3.2.12) lib/action_dispatch/middleware/static.rb:62:in `call'
  railties (3.2.12) lib/rails/engine.rb:479:in `call'
  railties (3.2.12) lib/rails/application.rb:223:in `call'
  rack (1.4.5) lib/rack/content_length.rb:14:in `call'
  railties (3.2.12) lib/rails/rack/log_tailer.rb:17:in `call'
  rack (1.4.5) lib/rack/handler/webrick.rb:59:in `service'
  /usr/local/rvm/rubies/ruby-1.9.3-p374/lib/ruby/1.9.1/webrick/httpserver.rb:138:in `service'
  /usr/local/rvm/rubies/ruby-1.9.3-p374/lib/ruby/1.9.1/webrick/httpserver.rb:94:in `run'
  /usr/local/rvm/rubies/ruby-1.9.3-p374/lib/ruby/1.9.1/webrick/server.rb:191:in `block in start_thread'


  Rendered /usr/local/rvm/gems/ruby-1.9.3-p374@rails3tutorial2ndEd/gems/actionpack-3.2.12/lib/action_dispatch/middleware/templates/rescues/routing_error.erb within rescues/layout (1.6ms)


Started GET "/user/kh" for 127.0.0.1 at 2013-02-28 17:45:16 -0800
Processing by TpousersController#user as */*
  Parameters: {"user"=>"kh"}
Completed 500 Internal Server Error in 34ms

ActionView::MissingTemplate (Missing template tpousers/user, application/user with {:locale=>[:en], :formats=>[:html], :handlers=>[:erb, :builder, :coffee]}. Searched in:
  * "/home/movedev/rails/rest/app/views"
):
  app/controllers/tpousers_controller.rb:20:in `user'


  Rendered /usr/local/rvm/gems/ruby-1.9.3-p374@rails3tutorial2ndEd/gems/actionpack-3.2.12/lib/action_dispatch/middleware/templates/rescues/missing_template.erb within rescues/layout (1.1ms)


Started GET "/user/kh" for 127.0.0.1 at 2013-02-28 17:46:53 -0800
Processing by TpousersController#user as */*
  Parameters: {"user"=>"kh"}
Completed 500 Internal Server Error in 47ms

ActionView::MissingTemplate (Missing template tpousers/user, application/user with {:locale=>[:en], :formats=>[:html], :handlers=>[:erb, :builder, :coffee]}. Searched in:
  * "/home/movedev/rails/rest/app/views"
):
  app/controllers/tpousers_controller.rb:20:in `user'


  Rendered /usr/local/rvm/gems/ruby-1.9.3-p374@rails3tutorial2ndEd/gems/actionpack-3.2.12/lib/action_dispatch/middleware/templates/rescues/missing_template.erb within rescues/layout (1.7ms)


Started GET "/user/kh.json" for 127.0.0.1 at 2013-02-28 17:47:01 -0800
Processing by TpousersController#user as JSON
  Parameters: {"user"=>"kh"}
Completed 200 OK in 3ms (Views: 1.7ms)


Started GET "/user/kh.json" for 127.0.0.1 at 2013-02-28 17:47:27 -0800
Processing by TpousersController#user as JSON
  Parameters: {"user"=>"kh"}
Completed 200 OK in 3ms (Views: 1.1ms)


Started GET "/user/testermove.json" for 127.0.0.1 at 2013-02-28 17:47:41 -0800
Processing by TpousersController#user as JSON
  Parameters: {"user"=>"testermove"}
Completed 200 OK in 3ms (Views: 1.1ms)


Started GET "/user/testermove" for 127.0.0.1 at 2013-02-28 17:47:44 -0800
Processing by TpousersController#user as */*
  Parameters: {"user"=>"testermove"}
Completed 500 Internal Server Error in 2ms

ActionView::MissingTemplate (Missing template tpousers/user, application/user with {:locale=>[:en], :formats=>[:html], :handlers=>[:erb, :builder, :coffee]}. Searched in:
  * "/home/movedev/rails/rest/app/views"
):
  app/controllers/tpousers_controller.rb:20:in `user'


  Rendered /usr/local/rvm/gems/ruby-1.9.3-p374@rails3tutorial2ndEd/gems/actionpack-3.2.12/lib/action_dispatch/middleware/templates/rescues/missing_template.erb within rescues/layout (0.4ms)


Started GET "/email/williammove@move.com" for 127.0.0.1 at 2013-02-28 17:48:20 -0800
Processing by TpousersController#email as 
  Parameters: {"e_mail"=>"williammove@move"}
Completed 406 Not Acceptable in 3ms


Started GET "/email/williammove@move.com" for 127.0.0.1 at 2013-02-28 17:48:35 -0800
Processing by TpousersController#email as 
  Parameters: {"e_mail"=>"williammove@move"}
Completed 406 Not Acceptable in 1ms


Started GET "/email/williammove@move.com" for 127.0.0.1 at 2013-02-28 17:58:52 -0800
Processing by TpousersController#email as 
  Parameters: {"e_mail"=>"williammove@move"}
Completed 406 Not Acceptable in 2ms


Started GET "/phone/111111111" for 127.0.0.1 at 2013-02-28 17:59:43 -0800
Processing by TpousersController#phone as */*
  Parameters: {"phone"=>"111111111"}
Completed 500 Internal Server Error in 2ms

ActionView::MissingTemplate (Missing template tpousers/phone, application/phone with {:locale=>[:en], :formats=>[:html], :handlers=>[:erb, :builder, :coffee]}. Searched in:
  * "/home/movedev/rails/rest/app/views"
):
  app/controllers/tpousers_controller.rb:42:in `phone'


  Rendered /usr/local/rvm/gems/ruby-1.9.3-p374@rails3tutorial2ndEd/gems/actionpack-3.2.12/lib/action_dispatch/middleware/templates/rescues/missing_template.erb within rescues/layout (0.3ms)


Started GET "/phone/111111111.json" for 127.0.0.1 at 2013-02-28 17:59:47 -0800
Processing by TpousersController#phone as JSON
  Parameters: {"phone"=>"111111111"}
Completed 200 OK in 1ms (Views: 0.1ms)


Started GET "/phone/1111111111.json" for 127.0.0.1 at 2013-02-28 18:00:16 -0800
Processing by TpousersController#phone as JSON
  Parameters: {"phone"=>"1111111111"}
Completed 200 OK in 14ms (Views: 1.0ms)


Started GET "/phone/email/aa@bb.com.json" for 127.0.0.1 at 2013-02-28 18:01:09 -0800

ActionController::RoutingError (No route matches [GET] "/phone/email/aa@bb.com.json"):
  actionpack (3.2.12) lib/action_dispatch/middleware/debug_exceptions.rb:21:in `call'
  actionpack (3.2.12) lib/action_dispatch/middleware/show_exceptions.rb:56:in `call'
  railties (3.2.12) lib/rails/rack/logger.rb:32:in `call_app'
  railties (3.2.12) lib/rails/rack/logger.rb:16:in `block in call'
  activesupport (3.2.12) lib/active_support/tagged_logging.rb:22:in `tagged'
  railties (3.2.12) lib/rails/rack/logger.rb:16:in `call'
  actionpack (3.2.12) lib/action_dispatch/middleware/request_id.rb:22:in `call'
  rack (1.4.5) lib/rack/methodoverride.rb:21:in `call'
  rack (1.4.5) lib/rack/runtime.rb:17:in `call'
  activesupport (3.2.12) lib/active_support/cache/strategy/local_cache.rb:72:in `call'
  rack (1.4.5) lib/rack/lock.rb:15:in `call'
  actionpack (3.2.12) lib/action_dispatch/middleware/static.rb:62:in `call'
  railties (3.2.12) lib/rails/engine.rb:479:in `call'
  railties (3.2.12) lib/rails/application.rb:223:in `call'
  rack (1.4.5) lib/rack/content_length.rb:14:in `call'
  railties (3.2.12) lib/rails/rack/log_tailer.rb:17:in `call'
  rack (1.4.5) lib/rack/handler/webrick.rb:59:in `service'
  /usr/local/rvm/rubies/ruby-1.9.3-p374/lib/ruby/1.9.1/webrick/httpserver.rb:138:in `service'
  /usr/local/rvm/rubies/ruby-1.9.3-p374/lib/ruby/1.9.1/webrick/httpserver.rb:94:in `run'
  /usr/local/rvm/rubies/ruby-1.9.3-p374/lib/ruby/1.9.1/webrick/server.rb:191:in `block in start_thread'


  Rendered /usr/local/rvm/gems/ruby-1.9.3-p374@rails3tutorial2ndEd/gems/actionpack-3.2.12/lib/action_dispatch/middleware/templates/rescues/routing_error.erb within rescues/layout (1.4ms)


Started GET "/phone/email/aa@bb.com" for 127.0.0.1 at 2013-02-28 18:01:13 -0800

ActionController::RoutingError (No route matches [GET] "/phone/email/aa@bb.com"):
  actionpack (3.2.12) lib/action_dispatch/middleware/debug_exceptions.rb:21:in `call'
  actionpack (3.2.12) lib/action_dispatch/middleware/show_exceptions.rb:56:in `call'
  railties (3.2.12) lib/rails/rack/logger.rb:32:in `call_app'
  railties (3.2.12) lib/rails/rack/logger.rb:16:in `block in call'
  activesupport (3.2.12) lib/active_support/tagged_logging.rb:22:in `tagged'
  railties (3.2.12) lib/rails/rack/logger.rb:16:in `call'
  actionpack (3.2.12) lib/action_dispatch/middleware/request_id.rb:22:in `call'
  rack (1.4.5) lib/rack/methodoverride.rb:21:in `call'
  rack (1.4.5) lib/rack/runtime.rb:17:in `call'
  activesupport (3.2.12) lib/active_support/cache/strategy/local_cache.rb:72:in `call'
  rack (1.4.5) lib/rack/lock.rb:15:in `call'
  actionpack (3.2.12) lib/action_dispatch/middleware/static.rb:62:in `call'
  railties (3.2.12) lib/rails/engine.rb:479:in `call'
  railties (3.2.12) lib/rails/application.rb:223:in `call'
  rack (1.4.5) lib/rack/content_length.rb:14:in `call'
  railties (3.2.12) lib/rails/rack/log_tailer.rb:17:in `call'
  rack (1.4.5) lib/rack/handler/webrick.rb:59:in `service'
  /usr/local/rvm/rubies/ruby-1.9.3-p374/lib/ruby/1.9.1/webrick/httpserver.rb:138:in `service'
  /usr/local/rvm/rubies/ruby-1.9.3-p374/lib/ruby/1.9.1/webrick/httpserver.rb:94:in `run'
  /usr/local/rvm/rubies/ruby-1.9.3-p374/lib/ruby/1.9.1/webrick/server.rb:191:in `block in start_thread'


  Rendered /usr/local/rvm/gems/ruby-1.9.3-p374@rails3tutorial2ndEd/gems/actionpack-3.2.12/lib/action_dispatch/middleware/templates/rescues/routing_error.erb within rescues/layout (0.3ms)


Started GET "/email/aa@bb.com" for 127.0.0.1 at 2013-02-28 18:01:25 -0800
Processing by TpousersController#email as 
  Parameters: {"e_mail"=>"aa@bb"}
Completed 406 Not Acceptable in 1ms


Started GET "/email/aa@bb.com.json" for 127.0.0.1 at 2013-02-28 18:01:32 -0800

ActionController::RoutingError (No route matches [GET] "/email/aa@bb.com.json"):
  actionpack (3.2.12) lib/action_dispatch/middleware/debug_exceptions.rb:21:in `call'
  actionpack (3.2.12) lib/action_dispatch/middleware/show_exceptions.rb:56:in `call'
  railties (3.2.12) lib/rails/rack/logger.rb:32:in `call_app'
  railties (3.2.12) lib/rails/rack/logger.rb:16:in `block in call'
  activesupport (3.2.12) lib/active_support/tagged_logging.rb:22:in `tagged'
  railties (3.2.12) lib/rails/rack/logger.rb:16:in `call'
  actionpack (3.2.12) lib/action_dispatch/middleware/request_id.rb:22:in `call'
  rack (1.4.5) lib/rack/methodoverride.rb:21:in `call'
  rack (1.4.5) lib/rack/runtime.rb:17:in `call'
  activesupport (3.2.12) lib/active_support/cache/strategy/local_cache.rb:72:in `call'
  rack (1.4.5) lib/rack/lock.rb:15:in `call'
  actionpack (3.2.12) lib/action_dispatch/middleware/static.rb:62:in `call'
  railties (3.2.12) lib/rails/engine.rb:479:in `call'
  railties (3.2.12) lib/rails/application.rb:223:in `call'
  rack (1.4.5) lib/rack/content_length.rb:14:in `call'
  railties (3.2.12) lib/rails/rack/log_tailer.rb:17:in `call'
  rack (1.4.5) lib/rack/handler/webrick.rb:59:in `service'
  /usr/local/rvm/rubies/ruby-1.9.3-p374/lib/ruby/1.9.1/webrick/httpserver.rb:138:in `service'
  /usr/local/rvm/rubies/ruby-1.9.3-p374/lib/ruby/1.9.1/webrick/httpserver.rb:94:in `run'
  /usr/local/rvm/rubies/ruby-1.9.3-p374/lib/ruby/1.9.1/webrick/server.rb:191:in `block in start_thread'


  Rendered /usr/local/rvm/gems/ruby-1.9.3-p374@rails3tutorial2ndEd/gems/actionpack-3.2.12/lib/action_dispatch/middleware/templates/rescues/routing_error.erb within rescues/layout (0.5ms)


Started GET "/email/aa@bb.com" for 127.0.0.1 at 2013-02-28 18:01:38 -0800
Processing by TpousersController#email as 
  Parameters: {"e_mail"=>"aa@bb"}
Completed 406 Not Acceptable in 2ms


Started GET "/email/aa@bb.com" for 127.0.0.1 at 2013-02-28 18:01:46 -0800
Processing by TpousersController#email as 
  Parameters: {"e_mail"=>"aa@bb"}
Completed 406 Not Acceptable in 1ms


Started GET "/email/aa@bb.com" for 127.0.0.1 at 2013-02-28 18:03:21 -0800
Processing by TpousersController#email as 
  Parameters: {"e_mail"=>"aa@bb"}
Completed 406 Not Acceptable in 2ms


Started GET "/email/aa@bb.com" for 127.0.0.1 at 2013-02-28 18:03:26 -0800
Processing by TpousersController#email as 
  Parameters: {"e_mail"=>"aa@bb"}
Completed 406 Not Acceptable in 1ms


Started GET "/phone/1111111111.json" for 127.0.0.1 at 2013-02-28 18:03:42 -0800
Processing by TpousersController#phone as JSON
  Parameters: {"phone"=>"1111111111"}
Completed 200 OK in 35ms (Views: 0.8ms)


Started GET "/fname/william" for 127.0.0.1 at 2013-02-28 18:04:57 -0800
Processing by TpousersController#fname as */*
  Parameters: {"first_name"=>"william"}
Completed 500 Internal Server Error in 5ms

ActionView::MissingTemplate (Missing template tpousers/fname, application/fname with {:locale=>[:en], :formats=>[:html], :handlers=>[:erb, :builder, :coffee]}. Searched in:
  * "/home/movedev/rails/rest/app/views"
):
  app/controllers/tpousers_controller.rb:53:in `fname'


  Rendered /usr/local/rvm/gems/ruby-1.9.3-p374@rails3tutorial2ndEd/gems/actionpack-3.2.12/lib/action_dispatch/middleware/templates/rescues/missing_template.erb within rescues/layout (0.5ms)


Started GET "/fname/william.json" for 127.0.0.1 at 2013-02-28 18:05:00 -0800
Processing by TpousersController#fname as JSON
  Parameters: {"first_name"=>"william"}
Completed 200 OK in 4ms (Views: 1.2ms)


Started GET "/lname/last.json" for 127.0.0.1 at 2013-02-28 18:06:09 -0800
Processing by TpousersController#lname as JSON
  Parameters: {"last_name"=>"last"}
Completed 200 OK in 4ms (Views: 1.0ms)


Started GET "/email/ab@c.com" for 127.0.0.1 at 2013-02-28 18:06:33 -0800
Processing by TpousersController#email as 
  Parameters: {"e_mail"=>"ab@c"}
Completed 406 Not Acceptable in 3ms


Started GET "/user/william" for 127.0.0.1 at 2013-02-28 18:07:05 -0800
Processing by TpousersController#user as */*
  Parameters: {"user"=>"william"}
Completed 500 Internal Server Error in 3ms

ActionView::MissingTemplate (Missing template tpousers/user, application/user with {:locale=>[:en], :formats=>[:html], :handlers=>[:erb, :builder, :coffee]}. Searched in:
  * "/home/movedev/rails/rest/app/views"
):
  app/controllers/tpousers_controller.rb:20:in `user'


  Rendered /usr/local/rvm/gems/ruby-1.9.3-p374@rails3tutorial2ndEd/gems/actionpack-3.2.12/lib/action_dispatch/middleware/templates/rescues/missing_template.erb within rescues/layout (0.3ms)


Started GET "/user/william.json" for 127.0.0.1 at 2013-02-28 18:07:07 -0800
Processing by TpousersController#user as JSON
  Parameters: {"user"=>"william"}
Completed 200 OK in 3ms (Views: 1.1ms)


Started GET "/email/aa@bb.com" for 127.0.0.1 at 2013-02-28 18:07:22 -0800
Processing by TpousersController#email as 
  Parameters: {"e_mail"=>"aa@bb"}
Completed 406 Not Acceptable in 1ms


Started GET "/email/aa@bb.com" for 127.0.0.1 at 2013-02-28 18:07:50 -0800
Processing by TpousersController#email as 
  Parameters: {"email"=>"aa@bb"}
Completed 406 Not Acceptable in 6ms


Started GET "/email/aa@bb.com" for 127.0.0.1 at 2013-02-28 18:07:57 -0800
Processing by TpousersController#email as 
  Parameters: {"email"=>"aa@bb"}
Completed 406 Not Acceptable in 1ms


Started GET "/email/aa@bb" for 127.0.0.1 at 2013-02-28 18:08:20 -0800
Processing by TpousersController#email as */*
  Parameters: {"email"=>"aa@bb"}
Completed 500 Internal Server Error in 2ms

ActionView::MissingTemplate (Missing template tpousers/email, application/email with {:locale=>[:en], :formats=>[:html], :handlers=>[:erb, :builder, :coffee]}. Searched in:
  * "/home/movedev/rails/rest/app/views"
):
  app/controllers/tpousers_controller.rb:31:in `email'


  Rendered /usr/local/rvm/gems/ruby-1.9.3-p374@rails3tutorial2ndEd/gems/actionpack-3.2.12/lib/action_dispatch/middleware/templates/rescues/missing_template.erb within rescues/layout (0.5ms)


Started GET "/email/aa@bb.json" for 127.0.0.1 at 2013-02-28 18:08:24 -0800
Processing by TpousersController#email as JSON
  Parameters: {"email"=>"aa@bb"}
Completed 200 OK in 1ms (Views: 0.1ms)


Started GET "/email/aa@bb.com.json" for 127.0.0.1 at 2013-02-28 18:08:31 -0800

ActionController::RoutingError (No route matches [GET] "/email/aa@bb.com.json"):
  actionpack (3.2.12) lib/action_dispatch/middleware/debug_exceptions.rb:21:in `call'
  actionpack (3.2.12) lib/action_dispatch/middleware/show_exceptions.rb:56:in `call'
  railties (3.2.12) lib/rails/rack/logger.rb:32:in `call_app'
  railties (3.2.12) lib/rails/rack/logger.rb:16:in `block in call'
  activesupport (3.2.12) lib/active_support/tagged_logging.rb:22:in `tagged'
  railties (3.2.12) lib/rails/rack/logger.rb:16:in `call'
  actionpack (3.2.12) lib/action_dispatch/middleware/request_id.rb:22:in `call'
  rack (1.4.5) lib/rack/methodoverride.rb:21:in `call'
  rack (1.4.5) lib/rack/runtime.rb:17:in `call'
  activesupport (3.2.12) lib/active_support/cache/strategy/local_cache.rb:72:in `call'
  rack (1.4.5) lib/rack/lock.rb:15:in `call'
  actionpack (3.2.12) lib/action_dispatch/middleware/static.rb:62:in `call'
  railties (3.2.12) lib/rails/engine.rb:479:in `call'
  railties (3.2.12) lib/rails/application.rb:223:in `call'
  rack (1.4.5) lib/rack/content_length.rb:14:in `call'
  railties (3.2.12) lib/rails/rack/log_tailer.rb:17:in `call'
  rack (1.4.5) lib/rack/handler/webrick.rb:59:in `service'
  /usr/local/rvm/rubies/ruby-1.9.3-p374/lib/ruby/1.9.1/webrick/httpserver.rb:138:in `service'
  /usr/local/rvm/rubies/ruby-1.9.3-p374/lib/ruby/1.9.1/webrick/httpserver.rb:94:in `run'
  /usr/local/rvm/rubies/ruby-1.9.3-p374/lib/ruby/1.9.1/webrick/server.rb:191:in `block in start_thread'


  Rendered /usr/local/rvm/gems/ruby-1.9.3-p374@rails3tutorial2ndEd/gems/actionpack-3.2.12/lib/action_dispatch/middleware/templates/rescues/routing_error.erb within rescues/layout (0.4ms)


Started GET "/email/aa@bb.com.json" for 127.0.0.1 at 2013-02-28 18:08:36 -0800

ActionController::RoutingError (No route matches [GET] "/email/aa@bb.com.json"):
  actionpack (3.2.12) lib/action_dispatch/middleware/debug_exceptions.rb:21:in `call'
  actionpack (3.2.12) lib/action_dispatch/middleware/show_exceptions.rb:56:in `call'
  railties (3.2.12) lib/rails/rack/logger.rb:32:in `call_app'
  railties (3.2.12) lib/rails/rack/logger.rb:16:in `block in call'
  activesupport (3.2.12) lib/active_support/tagged_logging.rb:22:in `tagged'
  railties (3.2.12) lib/rails/rack/logger.rb:16:in `call'
  actionpack (3.2.12) lib/action_dispatch/middleware/request_id.rb:22:in `call'
  rack (1.4.5) lib/rack/methodoverride.rb:21:in `call'
  rack (1.4.5) lib/rack/runtime.rb:17:in `call'
  activesupport (3.2.12) lib/active_support/cache/strategy/local_cache.rb:72:in `call'
  rack (1.4.5) lib/rack/lock.rb:15:in `call'
  actionpack (3.2.12) lib/action_dispatch/middleware/static.rb:62:in `call'
  railties (3.2.12) lib/rails/engine.rb:479:in `call'
  railties (3.2.12) lib/rails/application.rb:223:in `call'
  rack (1.4.5) lib/rack/content_length.rb:14:in `call'
  railties (3.2.12) lib/rails/rack/log_tailer.rb:17:in `call'
  rack (1.4.5) lib/rack/handler/webrick.rb:59:in `service'
  /usr/local/rvm/rubies/ruby-1.9.3-p374/lib/ruby/1.9.1/webrick/httpserver.rb:138:in `service'
  /usr/local/rvm/rubies/ruby-1.9.3-p374/lib/ruby/1.9.1/webrick/httpserver.rb:94:in `run'
  /usr/local/rvm/rubies/ruby-1.9.3-p374/lib/ruby/1.9.1/webrick/server.rb:191:in `block in start_thread'


  Rendered /usr/local/rvm/gems/ruby-1.9.3-p374@rails3tutorial2ndEd/gems/actionpack-3.2.12/lib/action_dispatch/middleware/templates/rescues/routing_error.erb within rescues/layout (0.5ms)


Started GET "/user/william.json" for 127.0.0.1 at 2013-02-28 18:11:23 -0800
Processing by TpousersController#user as JSON
  Parameters: {"user"=>"william"}
Completed 200 OK in 29ms (Views: 4.7ms)


Started GET "/assets/rails.png" for 10.185.4.147 at 2013-03-01 11:16:26 -0800
Served asset /rails.png - 200 OK (4ms)


Started GET "/fname/first" for 10.185.4.147 at 2013-03-01 11:16:58 -0800
Processing by TpousersController#fname as HTML
  Parameters: {"first_name"=>"first"}
Completed 500 Internal Server Error in 97ms

ActionView::MissingTemplate (Missing template tpousers/fname, application/fname with {:locale=>[:en], :formats=>[:html], :handlers=>[:erb, :builder, :coffee]}. Searched in:
  * "/home/movedev/gs/prototyping/web_services/app/views"
):
  app/controllers/tpousers_controller.rb:53:in `fname'


  Rendered /usr/local/rvm/gems/ruby-1.9.3-p385/gems/actionpack-3.2.12/lib/action_dispatch/middleware/templates/rescues/missing_template.erb within rescues/layout (2.4ms)


Started GET "/fname/first.json" for 10.185.4.147 at 2013-03-01 11:17:06 -0800
Processing by TpousersController#fname as JSON
  Parameters: {"first_name"=>"first"}
Completed 200 OK in 7ms (Views: 3.3ms)


Started GET "/user/williamjxj" for 10.185.4.147 at 2013-03-01 11:19:22 -0800
Processing by TpousersController#user as HTML
  Parameters: {"user"=>"williamjxj"}
Completed 500 Internal Server Error in 3ms

ActionView::MissingTemplate (Missing template tpousers/user, application/user with {:locale=>[:en], :formats=>[:html], :handlers=>[:erb, :builder, :coffee]}. Searched in:
  * "/home/movedev/gs/prototyping/web_services/app/views"
):
  app/controllers/tpousers_controller.rb:20:in `user'


  Rendered /usr/local/rvm/gems/ruby-1.9.3-p385/gems/actionpack-3.2.12/lib/action_dispatch/middleware/templates/rescues/missing_template.erb within rescues/layout (0.4ms)


Started GET "/user/williamjxj.json" for 10.185.4.147 at 2013-03-01 11:19:27 -0800
Processing by TpousersController#user as JSON
  Parameters: {"user"=>"williamjxj"}
Completed 200 OK in 3ms (Views: 1.2ms)


Started GET "/user/williamjxj" for 10.185.4.147 at 2013-03-01 11:24:40 -0800
Processing by TpousersController#user as HTML
  Parameters: {"user"=>"williamjxj"}
Completed 200 OK in 11ms (Views: 1.3ms)


Started GET "/user/williamjxj" for 10.185.4.147 at 2013-03-01 11:25:46 -0800
Processing by TpousersController#user as HTML
  Parameters: {"user"=>"williamjxj"}
Completed 200 OK in 3ms (Views: 1.2ms)


Started GET "/user/williamjxj" for 10.185.4.147 at 2013-03-01 11:25:48 -0800
Processing by TpousersController#user as HTML
  Parameters: {"user"=>"williamjxj"}
Completed 200 OK in 3ms (Views: 1.2ms)


Started GET "/user/williamjxj" for 10.185.4.147 at 2013-03-01 11:26:37 -0800
Processing by TpousersController#user as HTML
  Parameters: {"user"=>"williamjxj"}
Completed 200 OK in 3ms (Views: 1.2ms)


Started GET "/user/williamjxj" for 10.185.4.147 at 2013-03-01 11:26:38 -0800
Processing by TpousersController#user as HTML
  Parameters: {"user"=>"williamjxj"}
Completed 200 OK in 3ms (Views: 1.1ms)


Started GET "/fname/first.json" for 10.185.4.147 at 2013-03-01 11:27:27 -0800
Processing by TpousersController#fname as JSON
  Parameters: {"first_name"=>"first"}
Completed 200 OK in 30ms (Views: 2.2ms)


Started GET "/fname/first" for 10.185.4.147 at 2013-03-01 11:27:32 -0800
Processing by TpousersController#fname as HTML
  Parameters: {"first_name"=>"first"}
Completed 200 OK in 6ms (Views: 2.1ms)


Started GET "/fname/first.json" for 10.185.4.147 at 2013-03-01 11:27:45 -0800
Processing by TpousersController#fname as JSON
  Parameters: {"first_name"=>"first"}
Completed 200 OK in 5ms (Views: 2.1ms)


Started GET "/fname/first" for 10.185.4.147 at 2013-03-01 11:32:09 -0800
Processing by TpousersController#fname as HTML
  Parameters: {"first_name"=>"first"}
Completed 200 OK in 34ms (Views: 3.3ms)
